<?xml version="1.0" encoding="UTF-8"?>
<!-- Generated by org.testng.reporters.JUnitXMLReporter -->
<testsuite ignored="0" hostname="Shuvo" failures="0" tests="8" name="Default test" time="68.427" errors="0" timestamp="2023-09-06T19:19:39 BDT">
  <testcase classname="seleniumbatch.Testing4" name="TestURL" time="0.318"/>
  <testcase classname="seleniumbatch.Testing4" name="TestTitle" time="0.013"/>
  <testcase classname="seleniumbatch.Testing4" name="LogIn" time="6.263"/>
  <testcase classname="seleniumbatch.Testing4" name="AddRemoveCart" time="1.432"/>
  <testcase classname="seleniumbatch.Testing4" name="ClicktoCart" time="0.797"/>
  <testcase classname="seleniumbatch.Testing4" name="CheckOut" time="0.683"/>
  <testcase classname="seleniumbatch.Testing4" name="CheckoutInfo" time="1.528"/>
  <testcase classname="seleniumbatch.Testing4" name="HomePageClick" time="0.512"/>
</testsuite> <!-- Default test -->
