<?xml version="1.0" encoding="UTF-8"?>
<testng-results ignored="0" total="8" passed="8" failed="0" skipped="0">
  <reporter-output>
  </reporter-output>
  <suite started-at="2023-09-06T19:18:29 BDT" name="Default suite" finished-at="2023-09-06T19:19:38 BDT" duration-ms="68427">
    <groups>
    </groups>
    <test started-at="2023-09-06T19:18:29 BDT" name="Default test" finished-at="2023-09-06T19:19:38 BDT" duration-ms="68427">
      <class name="seleniumbatch.Testing4">
        <test-method is-config="true" signature="init()[pri:0, instance:seleniumbatch.Testing4@815b41f]" started-at="2023-09-06T19:18:29 BDT" name="init" finished-at="2023-09-06T19:19:17 BDT" duration-ms="47501" status="PASS">
          <reporter-output>
          </reporter-output>
        </test-method> <!-- init -->
        <test-method signature="TestURL()[pri:1, instance:seleniumbatch.Testing4@815b41f]" started-at="2023-09-06T19:19:17 BDT" name="TestURL" finished-at="2023-09-06T19:19:17 BDT" duration-ms="318" status="PASS">
          <reporter-output>
          </reporter-output>
        </test-method> <!-- TestURL -->
        <test-method signature="TestTitle()[pri:2, instance:seleniumbatch.Testing4@815b41f]" started-at="2023-09-06T19:19:17 BDT" name="TestTitle" finished-at="2023-09-06T19:19:17 BDT" duration-ms="13" status="PASS">
          <reporter-output>
          </reporter-output>
        </test-method> <!-- TestTitle -->
        <test-method signature="LogIn()[pri:3, instance:seleniumbatch.Testing4@815b41f]" started-at="2023-09-06T19:19:17 BDT" name="LogIn" finished-at="2023-09-06T19:19:24 BDT" duration-ms="6263" status="PASS">
          <reporter-output>
          </reporter-output>
        </test-method> <!-- LogIn -->
        <test-method signature="AddRemoveCart()[pri:4, instance:seleniumbatch.Testing4@815b41f]" started-at="2023-09-06T19:19:24 BDT" name="AddRemoveCart" finished-at="2023-09-06T19:19:25 BDT" duration-ms="1432" status="PASS">
          <reporter-output>
          </reporter-output>
        </test-method> <!-- AddRemoveCart -->
        <test-method signature="ClicktoCart()[pri:5, instance:seleniumbatch.Testing4@815b41f]" started-at="2023-09-06T19:19:25 BDT" name="ClicktoCart" finished-at="2023-09-06T19:19:26 BDT" duration-ms="797" status="PASS">
          <reporter-output>
          </reporter-output>
        </test-method> <!-- ClicktoCart -->
        <test-method signature="CheckOut()[pri:6, instance:seleniumbatch.Testing4@815b41f]" started-at="2023-09-06T19:19:26 BDT" name="CheckOut" finished-at="2023-09-06T19:19:27 BDT" duration-ms="683" status="PASS">
          <reporter-output>
          </reporter-output>
        </test-method> <!-- CheckOut -->
        <test-method signature="CheckoutInfo()[pri:7, instance:seleniumbatch.Testing4@815b41f]" started-at="2023-09-06T19:19:27 BDT" name="CheckoutInfo" finished-at="2023-09-06T19:19:28 BDT" duration-ms="1528" status="PASS">
          <reporter-output>
          </reporter-output>
        </test-method> <!-- CheckoutInfo -->
        <test-method signature="HomePageClick()[pri:8, instance:seleniumbatch.Testing4@815b41f]" started-at="2023-09-06T19:19:28 BDT" name="HomePageClick" finished-at="2023-09-06T19:19:29 BDT" duration-ms="512" status="PASS">
          <reporter-output>
          </reporter-output>
        </test-method> <!-- HomePageClick -->
        <test-method is-config="true" signature="EndTest()[pri:0, instance:seleniumbatch.Testing4@815b41f]" started-at="2023-09-06T19:19:29 BDT" name="EndTest" finished-at="2023-09-06T19:19:38 BDT" duration-ms="9126" status="PASS">
          <reporter-output>
          </reporter-output>
        </test-method> <!-- EndTest -->
      </class> <!-- seleniumbatch.Testing4 -->
    </test> <!-- Default test -->
  </suite> <!-- Default suite -->
</testng-results>
